<?xml version='1.0' encoding='UTF-8'?>
<testsuite hostname="LAPTOP-21JBL694" name="DMAController.ControllerSpec" tests="1" errors="0" failures="0" skipped="0" time="9.189" timestamp="2025-04-26T10:48:24">
          <properties>
[...]
</properties>
          <testcase classname="DMAController.ControllerSpec" name=" should perform 2D MM2MM transfer with stride 1 mem to 2 slaves" time="9.189">
                      
                    </testcase>
          <system-out><![CDATA[]]></system-out>
          <system-err><![CDATA[]]></system-err>
        </testsuite>